d:\compilation\vs2013\cal3d\cal3d\plugins\cal3d_maya_exporter\release\animationexportsheet.obj
d:\compilation\vs2013\cal3d\cal3d\plugins\cal3d_maya_exporter\release\animationtimepage.obj
d:\compilation\vs2013\cal3d\cal3d\plugins\cal3d_maya_exporter\release\baseinterface.obj
d:\compilation\vs2013\cal3d\cal3d\plugins\cal3d_maya_exporter\release\basematerial.obj
d:\compilation\vs2013\cal3d\cal3d\plugins\cal3d_maya_exporter\release\basemesh.obj
d:\compilation\vs2013\cal3d\cal3d\plugins\cal3d_maya_exporter\release\basenode.obj
d:\compilation\vs2013\cal3d\cal3d\plugins\cal3d_maya_exporter\release\boneassignmentpage.obj
d:\compilation\vs2013\cal3d\cal3d\plugins\cal3d_maya_exporter\release\bonecandidate.obj
d:\compilation\vs2013\cal3d\cal3d\plugins\cal3d_maya_exporter\release\exporter.obj
d:\compilation\vs2013\cal3d\cal3d\plugins\cal3d_maya_exporter\release\levelofdetailpage.obj
d:\compilation\vs2013\cal3d\cal3d\plugins\cal3d_maya_exporter\release\lodder.obj
d:\compilation\vs2013\cal3d\cal3d\plugins\cal3d_maya_exporter\release\materialcandidate.obj
d:\compilation\vs2013\cal3d\cal3d\plugins\cal3d_maya_exporter\release\materialexportsheet.obj
d:\compilation\vs2013\cal3d\cal3d\plugins\cal3d_maya_exporter\release\materiallibrarycandidate.obj
d:\compilation\vs2013\cal3d\cal3d\plugins\cal3d_maya_exporter\release\materialmapdialog.obj
d:\compilation\vs2013\cal3d\cal3d\plugins\cal3d_maya_exporter\release\materialmapspage.obj
d:\compilation\vs2013\cal3d\cal3d\plugins\cal3d_maya_exporter\release\materialselectionpage.obj
d:\compilation\vs2013\cal3d\cal3d\plugins\cal3d_maya_exporter\release\meshcandidate.obj
d:\compilation\vs2013\cal3d\cal3d\plugins\cal3d_maya_exporter\release\meshexportsheet.obj
d:\compilation\vs2013\cal3d\cal3d\plugins\cal3d_maya_exporter\release\quadric.obj
d:\compilation\vs2013\cal3d\cal3d\plugins\cal3d_maya_exporter\release\skeletoncandidate.obj
d:\compilation\vs2013\cal3d\cal3d\plugins\cal3d_maya_exporter\release\skeletonexportsheet.obj
d:\compilation\vs2013\cal3d\cal3d\plugins\cal3d_maya_exporter\release\skeletonfilepage.obj
d:\compilation\vs2013\cal3d\cal3d\plugins\cal3d_maya_exporter\release\skeletonhierarchypage.obj
d:\compilation\vs2013\cal3d\cal3d\plugins\cal3d_maya_exporter\release\springsystempage.obj
d:\compilation\vs2013\cal3d\cal3d\plugins\cal3d_maya_exporter\release\stdafx.obj
d:\compilation\vs2013\cal3d\cal3d\plugins\cal3d_maya_exporter\release\submeshcandidate.obj
d:\compilation\vs2013\cal3d\cal3d\plugins\cal3d_maya_exporter\release\vertexcandidate.obj
d:\compilation\vs2013\cal3d\cal3d\plugins\cal3d_maya_exporter\release\vc80.idb
