d:\compilation\osg_2005\cal3d\cal3d\examples\miniviewer_gl\release\tga.obj
d:\compilation\osg_2005\cal3d\cal3d\examples\miniviewer_gl\release\tick.obj
d:\compilation\osg_2005\cal3d\cal3d\examples\miniviewer_gl\release\viewer.obj
d:\compilation\osg_2005\cal3d\cal3d\examples\miniviewer_gl\release\main.obj
d:\compilation\osg_2005\cal3d\cal3d\examples\miniviewer_gl\release\vc110.pdb
d:\compilation\osg_2005\cal3d\cal3d\examples\miniviewer_gl\release\cal3d_miniviewer.exe
d:\compilation\vs2013\cal3d\cal3d\examples\miniviewer_gl\release\main.obj
d:\compilation\vs2013\cal3d\cal3d\examples\miniviewer_gl\release\tga.obj
d:\compilation\vs2013\cal3d\cal3d\examples\miniviewer_gl\release\tick.obj
d:\compilation\vs2013\cal3d\cal3d\examples\miniviewer_gl\release\viewer.obj
d:\compilation\vs2013\cal3d\cal3d\examples\miniviewer_gl\release\cl.1964.read.1.tlog
d:\compilation\vs2013\cal3d\cal3d\examples\miniviewer_gl\release\cl.1964.write.1.tlog
d:\compilation\vs2013\cal3d\cal3d\examples\miniviewer_gl\release\cl.4824.read.1.tlog
d:\compilation\vs2013\cal3d\cal3d\examples\miniviewer_gl\release\cl.4824.write.1.tlog
d:\compilation\vs2013\cal3d\cal3d\examples\miniviewer_gl\release\cl.7200.read.1.tlog
d:\compilation\vs2013\cal3d\cal3d\examples\miniviewer_gl\release\cl.7200.write.1.tlog
d:\compilation\vs2013\cal3d\cal3d\examples\miniviewer_gl\release\cl.7300.read.1.tlog
d:\compilation\vs2013\cal3d\cal3d\examples\miniviewer_gl\release\cl.7300.write.1.tlog
d:\compilation\vs2013\cal3d\cal3d\examples\miniviewer_gl\release\cl.7520.read.1.tlog
d:\compilation\vs2013\cal3d\cal3d\examples\miniviewer_gl\release\cl.7520.write.1.tlog
d:\compilation\vs2013\cal3d\cal3d\examples\miniviewer_gl\release\cl.7724.read.1.tlog
d:\compilation\vs2013\cal3d\cal3d\examples\miniviewer_gl\release\cl.7724.write.1.tlog
d:\compilation\vs2013\cal3d\cal3d\examples\miniviewer_gl\release\cl.7744.read.1.tlog
d:\compilation\vs2013\cal3d\cal3d\examples\miniviewer_gl\release\cl.7744.write.1.tlog
d:\compilation\vs2013\cal3d\cal3d\examples\miniviewer_gl\release\cl.7892.read.1.tlog
d:\compilation\vs2013\cal3d\cal3d\examples\miniviewer_gl\release\cl.7892.write.1.tlog
d:\compilation\vs2013\cal3d\cal3d\examples\miniviewer_gl\release\cl.command.1.tlog
d:\compilation\vs2013\cal3d\cal3d\examples\miniviewer_gl\release\cl.read.1.tlog
d:\compilation\vs2013\cal3d\cal3d\examples\miniviewer_gl\release\cl.write.1.tlog
d:\compilation\vs2013\cal3d\cal3d\examples\miniviewer_gl\release\link-cvtres.read.1.tlog
d:\compilation\vs2013\cal3d\cal3d\examples\miniviewer_gl\release\link-cvtres.write.1.tlog
d:\compilation\vs2013\cal3d\cal3d\examples\miniviewer_gl\release\link-rc.read.1.tlog
d:\compilation\vs2013\cal3d\cal3d\examples\miniviewer_gl\release\link-rc.write.1.tlog
d:\compilation\vs2013\cal3d\cal3d\examples\miniviewer_gl\release\link.command.1.tlog
d:\compilation\vs2013\cal3d\cal3d\examples\miniviewer_gl\release\link.read.1.tlog
d:\compilation\vs2013\cal3d\cal3d\examples\miniviewer_gl\release\link.write.1.tlog
d:\compilation\vs2013\cal3d\cal3d\examples\miniviewer_gl\release\cal3d_miniviewer.exe.intermediate.manifest
d:\compilation\vs2013\cal3d\cal3d\examples\miniviewer_gl\release\vc80.idb
d:\compilation\vs2013\cal3d\cal3d\examples\miniviewer_gl\release\vc110.pdb
d:\compilation\vs2013\cal3d\cal3d\examples\miniviewer_gl\.\release\cal3d_miniviewer.exe
d:\compilation\vs2013\cal3d\cal3d\examples\miniviewer_gl\.\release\cal3d_miniviewer.exe.intermediate.manifest
