d:\compilation\osg_2005\cal3d\cal3d\examples\miniviewer_gl_vp\release\glew.obj
d:\compilation\osg_2005\cal3d\cal3d\examples\miniviewer_gl_vp\release\vc110.pdb
d:\compilation\osg_2005\cal3d\cal3d\examples\miniviewer_gl_vp\release\tga.obj
d:\compilation\osg_2005\cal3d\cal3d\examples\miniviewer_gl_vp\release\tick.obj
d:\compilation\vs2013\cal3d\cal3d\examples\miniviewer_gl_vp\release\glew.obj
d:\compilation\vs2013\cal3d\cal3d\examples\miniviewer_gl_vp\release\main.obj
d:\compilation\vs2013\cal3d\cal3d\examples\miniviewer_gl_vp\release\tga.obj
d:\compilation\vs2013\cal3d\cal3d\examples\miniviewer_gl_vp\release\tick.obj
d:\compilation\vs2013\cal3d\cal3d\examples\miniviewer_gl_vp\release\viewer.obj
d:\compilation\vs2013\cal3d\cal3d\examples\miniviewer_gl_vp\release\cl.4704.read.1.tlog
d:\compilation\vs2013\cal3d\cal3d\examples\miniviewer_gl_vp\release\cl.4704.write.1.tlog
d:\compilation\vs2013\cal3d\cal3d\examples\miniviewer_gl_vp\release\cl.6124.read.1.tlog
d:\compilation\vs2013\cal3d\cal3d\examples\miniviewer_gl_vp\release\cl.6124.write.1.tlog
d:\compilation\vs2013\cal3d\cal3d\examples\miniviewer_gl_vp\release\cl.7192.read.1.tlog
d:\compilation\vs2013\cal3d\cal3d\examples\miniviewer_gl_vp\release\cl.7192.write.1.tlog
d:\compilation\vs2013\cal3d\cal3d\examples\miniviewer_gl_vp\release\cl.7920.read.1.tlog
d:\compilation\vs2013\cal3d\cal3d\examples\miniviewer_gl_vp\release\cl.7920.write.1.tlog
d:\compilation\vs2013\cal3d\cal3d\examples\miniviewer_gl_vp\release\cl.command.1.tlog
d:\compilation\vs2013\cal3d\cal3d\examples\miniviewer_gl_vp\release\cl.read.1.tlog
d:\compilation\vs2013\cal3d\cal3d\examples\miniviewer_gl_vp\release\cl.write.1.tlog
d:\compilation\vs2013\cal3d\cal3d\examples\miniviewer_gl_vp\release\cal3d_miniviewer_gl_vp.exe.intermediate.manifest
d:\compilation\vs2013\cal3d\cal3d\examples\miniviewer_gl_vp\release\vc80.idb
d:\compilation\vs2013\cal3d\cal3d\examples\miniviewer_gl_vp\release\vc110.pdb
d:\compilation\vs2013\cal3d\cal3d\examples\miniviewer_gl_vp\.\release\cal3d_miniviewer_gl_vp.exe.intermediate.manifest
